Using pre-set license
Built from '2020.3/staging' branch; Version is '2020.3.19f1 (68f137dc9bbe) revision 6877495'; Using compiler version '192528614'; Build Type 'Release'
OS: 'Windows 10 Pro; OS build 19042.1348; Version 2009; 64bit' Language: 'en' Physical Memory: 3534 MB
BatchMode: 1, IsHumanControllingUs: 0, StartBugReporterOnCrash: 0, Is64bit: 1, IsPro: 0

COMMAND LINE ARGUMENTS:
C:\Program Files\Unity\Hub\Editor\2020.3.19f1\Editor\Unity.exe
-adb2
-batchMode
-noUpm
-name
AssetImportWorker0
-projectPath
C:/Users/Ramy/Documents/GitHub/Project2/New Unity Project
-logFile
Logs/AssetImportWorker0.log
-srvPort
52911
Successfully changed project path to: C:/Users/Ramy/Documents/GitHub/Project2/New Unity Project
C:/Users/Ramy/Documents/GitHub/Project2/New Unity Project
Using Asset Import Pipeline V2.
Refreshing native plugins compatible for Editor in 387.88 ms, found 2 plugins.
Preloading 0 native plugins for Editor in 0.00 ms.
Initialize engine version: 2020.3.19f1 (68f137dc9bbe)
[Subsystems] Discovering subsystems at path C:/Program Files/Unity/Hub/Editor/2020.3.19f1/Editor/Data/Resources/UnitySubsystems
[Subsystems] Discovering subsystems at path C:/Users/Ramy/Documents/GitHub/Project2/New Unity Project/Assets
GfxDevice: creating device client; threaded=0
Direct3D:
    Version:  Direct3D 11.0 [level 11.1]
    Renderer: AMD Radeon(TM) Vega 3 Graphics (ID=0x15d8)
    Vendor:   
    VRAM:     1767 MB
    Driver:   27.20.11036.3
Initialize mono
Mono path[0] = 'C:/Program Files/Unity/Hub/Editor/2020.3.19f1/Editor/Data/Managed'
Mono path[1] = 'C:/Program Files/Unity/Hub/Editor/2020.3.19f1/Editor/Data/MonoBleedingEdge/lib/mono/unityjit'
Mono config path = 'C:/Program Files/Unity/Hub/Editor/2020.3.19f1/Editor/Data/MonoBleedingEdge/etc'
Using monoOptions --debugger-agent=transport=dt_socket,embedding=1,server=y,suspend=n,address=127.0.0.1:56380
Begin MonoManager ReloadAssembly
Registering precompiled unity dll's ...
Register platform support module: C:/Program Files/Unity/Hub/Editor/2020.3.19f1/Editor/Data/PlaybackEngines/WebGLSupport/UnityEditor.WebGL.Extensions.dll
Register platform support module: C:/Program Files/Unity/Hub/Editor/2020.3.19f1/Editor/Data/PlaybackEngines/WindowsStandaloneSupport/UnityEditor.WindowsStandalone.Extensions.dll
Registered in 0.008687 seconds.
Native extension for WindowsStandalone target not found
Native extension for WebGL target not found
Refreshing native plugins compatible for Editor in 88.37 ms, found 2 plugins.
Preloading 0 native plugins for Editor in 0.00 ms.
Mono: successfully reloaded assembly
- Completed reload, in  5.896 seconds
Domain Reload Profiling:
	ReloadAssembly (5896ms)
		BeginReloadAssembly (151ms)
			ExecutionOrderSort (0ms)
			DisableScriptedObjects (0ms)
			BackupInstance (0ms)
			ReleaseScriptingObjects (0ms)
			CreateAndSetChildDomain (3ms)
		EndReloadAssembly (834ms)
			LoadAssemblies (146ms)
			RebuildTransferFunctionScriptingTraits (2ms)
			SetupTypeCache (282ms)
			ReleaseScriptCaches (0ms)
			RebuildScriptCaches (56ms)
			SetupLoadedEditorAssemblies (360ms)
				LogAssemblyErrors (0ms)
				InitializePlatformSupportModulesInManaged (9ms)
				SetLoadedEditorAssemblies (0ms)
				RefreshPlugins (89ms)
				BeforeProcessingInitializeOnLoad (21ms)
				ProcessInitializeOnLoadAttributes (161ms)
				ProcessInitializeOnLoadMethodAttributes (79ms)
				AfterProcessingInitializeOnLoad (0ms)
				EditorAssembliesLoaded (1ms)
			ExecutionOrderSort2 (0ms)
			AwakeInstancesAfterBackupRestoration (0ms)
Platform modules already initialized, skipping
Registering precompiled user dll's ...
Registered in 0.016687 seconds.
Begin MonoManager ReloadAssembly
Native extension for WindowsStandalone target not found
Native extension for WebGL target not found
Refreshing native plugins compatible for Editor in 0.66 ms, found 2 plugins.
Preloading 0 native plugins for Editor in 0.00 ms.
Mono: successfully reloaded assembly
- Completed reload, in  1.886 seconds
Domain Reload Profiling:
	ReloadAssembly (1888ms)
		BeginReloadAssembly (252ms)
			ExecutionOrderSort (0ms)
			DisableScriptedObjects (9ms)
			BackupInstance (0ms)
			ReleaseScriptingObjects (0ms)
			CreateAndSetChildDomain (36ms)
		EndReloadAssembly (1511ms)
			LoadAssemblies (216ms)
			RebuildTransferFunctionScriptingTraits (0ms)
			SetupTypeCache (504ms)
			ReleaseScriptCaches (1ms)
			RebuildScriptCaches (67ms)
			SetupLoadedEditorAssemblies (580ms)
				LogAssemblyErrors (0ms)
				InitializePlatformSupportModulesInManaged (11ms)
				SetLoadedEditorAssemblies (1ms)
				RefreshPlugins (1ms)
				BeforeProcessingInitializeOnLoad (113ms)
				ProcessInitializeOnLoadAttributes (435ms)
				ProcessInitializeOnLoadMethodAttributes (6ms)
				AfterProcessingInitializeOnLoad (12ms)
				EditorAssembliesLoaded (0ms)
			ExecutionOrderSort2 (0ms)
			AwakeInstancesAfterBackupRestoration (12ms)
Platform modules already initialized, skipping
========================================================================
Worker process is ready to serve import requests
Launched and connected shader compiler UnityShaderCompiler.exe after 0.14 seconds
Refreshing native plugins compatible for Editor in 1.07 ms, found 2 plugins.
Preloading 0 native plugins for Editor in 0.00 ms.
Unloading 1931 Unused Serialized files (Serialized files now loaded: 0)
System memory in use before: 100.9 MB.
System memory in use after: 101.0 MB.

Unloading 17 unused Assets to reduce memory usage. Loaded Objects now: 2388.
Total: 9.483200 ms (FindLiveObjects: 0.367700 ms CreateObjectMapping: 0.072700 ms MarkObjects: 8.527200 ms  DeleteObjects: 0.512400 ms)

AssetImportParameters requested are different than current active one (requested -> active):
  custom:framework-win-MediaFoundation: 216162199b28c13a410421893ffa2e32 -> 
  custom:video-decoder-ogg-theora: a1e56fd34408186e4bbccfd4996cb3dc -> 
  custom:container-muxer-webm: aa71ff27fc2769a1b78a27578f13a17b -> 
  custom:container-demuxer-webm: 4f35f7cbe854078d1ac9338744f61a02 -> 
  custom:container-demuxer-ogg: 62fdf1f143b41e24485cea50d1cbac27 -> 
  custom:video-encoder-webm-vp8: eb34c28f22e8b96e1ab97ce403110664 -> 
  custom:video-decoder-webm-vp8: 9c59270c3fd7afecdb556c50c9e8de78 -> 
  custom:audio-decoder-ogg-vorbis: bf7c407c2cedff20999df2af8eb42d56 -> 
  custom:audio-encoder-webm-vorbis: bf7c407c2cedff20999df2af8eb42d56 -> 
========================================================================
Received Import Request.
  path: Assets/Music/[MP3DOWNLOAD.TO] (Cutter) Bravely default OST -  The Vagrant of Love (Ringabel´s Theme) [Extended]-320k-[AudioTrimmer.com].mp3
  artifactKey: Guid(f9dcf01b140635b4ba9fceb8ef23481f) Importer(815301076,1909f56bfc062723c751e8b465ee728b)
Start importing Assets/Music/[MP3DOWNLOAD.TO] (Cutter) Bravely default OST -  The Vagrant of Love (Ringabel´s Theme) [Extended]-320k-[AudioTrimmer.com].mp3 using Guid(f9dcf01b140635b4ba9fceb8ef23481f) Importer(815301076,1909f56bfc062723c751e8b465ee728b)  -> (artifact id: '45dd317b80374957a30153ec80461f56') in 0.270166 seconds 
  Import took 0.276361 seconds .

========================================================================
Received Import Request.
  Time since last request: 18.404178 seconds.
  path: Assets/Scenes/SelectMenu.unity
  artifactKey: Guid(fc5041a24723e114a92d1480b914c293) Importer(815301076,1909f56bfc062723c751e8b465ee728b)
Start importing Assets/Scenes/SelectMenu.unity using Guid(fc5041a24723e114a92d1480b914c293) Importer(815301076,1909f56bfc062723c751e8b465ee728b)  -> (artifact id: '4151d522083e7e9b9b768ca0a9f841bb') in 0.035659 seconds 
  Import took 0.046694 seconds .

========================================================================
Received Prepare
Registering precompiled user dll's ...
Registered in 0.006075 seconds.
Begin MonoManager ReloadAssembly
Native extension for WindowsStandalone target not found
Native extension for WebGL target not found
Refreshing native plugins compatible for Editor in 1.17 ms, found 2 plugins.
Preloading 0 native plugins for Editor in 0.00 ms.
Mono: successfully reloaded assembly
- Completed reload, in  1.828 seconds
Domain Reload Profiling:
	ReloadAssembly (1829ms)
		BeginReloadAssembly (248ms)
			ExecutionOrderSort (0ms)
			DisableScriptedObjects (9ms)
			BackupInstance (0ms)
			ReleaseScriptingObjects (0ms)
			CreateAndSetChildDomain (77ms)
		EndReloadAssembly (1464ms)
			LoadAssemblies (163ms)
			RebuildTransferFunctionScriptingTraits (0ms)
			SetupTypeCache (539ms)
			ReleaseScriptCaches (2ms)
			RebuildScriptCaches (81ms)
			SetupLoadedEditorAssemblies (500ms)
				LogAssemblyErrors (0ms)
				InitializePlatformSupportModulesInManaged (9ms)
				SetLoadedEditorAssemblies (1ms)
				RefreshPlugins (1ms)
				BeforeProcessingInitializeOnLoad (95ms)
				ProcessInitializeOnLoadAttributes (377ms)
				ProcessInitializeOnLoadMethodAttributes (5ms)
				AfterProcessingInitializeOnLoad (12ms)
				EditorAssembliesLoaded (1ms)
			ExecutionOrderSort2 (0ms)
			AwakeInstancesAfterBackupRestoration (13ms)
Platform modules already initialized, skipping
Refreshing native plugins compatible for Editor in 0.95 ms, found 2 plugins.
Preloading 0 native plugins for Editor in 0.00 ms.
Unloading 1863 Unused Serialized files (Serialized files now loaded: 0)
System memory in use before: 97.7 MB.
System memory in use after: 97.8 MB.

Unloading 12 unused Assets to reduce memory usage. Loaded Objects now: 2399.
Total: 5.852500 ms (FindLiveObjects: 0.266400 ms CreateObjectMapping: 0.063000 ms MarkObjects: 5.387500 ms  DeleteObjects: 0.133300 ms)

AssetImportParameters requested are different than current active one (requested -> active):
  custom:framework-win-MediaFoundation: 216162199b28c13a410421893ffa2e32 -> 
  custom:video-decoder-ogg-theora: a1e56fd34408186e4bbccfd4996cb3dc -> 
  custom:container-muxer-webm: aa71ff27fc2769a1b78a27578f13a17b -> 
  custom:container-demuxer-webm: 4f35f7cbe854078d1ac9338744f61a02 -> 
  custom:container-demuxer-ogg: 62fdf1f143b41e24485cea50d1cbac27 -> 
  custom:video-encoder-webm-vp8: eb34c28f22e8b96e1ab97ce403110664 -> 
  custom:video-decoder-webm-vp8: 9c59270c3fd7afecdb556c50c9e8de78 -> 
  custom:audio-decoder-ogg-vorbis: bf7c407c2cedff20999df2af8eb42d56 -> 
  custom:audio-encoder-webm-vorbis: bf7c407c2cedff20999df2af8eb42d56 -> 
========================================================================
Received Import Request.
  Time since last request: 99.621469 seconds.
  path: Assets/Scenes/ControlMenu.unity
  artifactKey: Guid(0dbec6c3d3c030b4d9a44cb00ee20d44) Importer(815301076,1909f56bfc062723c751e8b465ee728b)
Start importing Assets/Scenes/ControlMenu.unity using Guid(0dbec6c3d3c030b4d9a44cb00ee20d44) Importer(815301076,1909f56bfc062723c751e8b465ee728b)  -> (artifact id: '8b0e29cb11067a2f905d14665ea69ccf') in 0.047212 seconds 
  Import took 0.057779 seconds .

========================================================================
Received Import Request.
  Time since last request: 9.580618 seconds.
  path: Assets/Scenes/GameOver.unity
  artifactKey: Guid(ad8b2b1e70b78c0458227d96570d4405) Importer(815301076,1909f56bfc062723c751e8b465ee728b)
Start importing Assets/Scenes/GameOver.unity using Guid(ad8b2b1e70b78c0458227d96570d4405) Importer(815301076,1909f56bfc062723c751e8b465ee728b)  -> (artifact id: '134d39584a7fc2548dce0ac589704340') in 0.040494 seconds 
  Import took 0.054322 seconds .

========================================================================
Received Import Request.
  Time since last request: 5.311260 seconds.
  path: Assets/Scenes/GameOver2.unity
  artifactKey: Guid(9be8a1678d7fbf64d90d4f785878212c) Importer(815301076,1909f56bfc062723c751e8b465ee728b)
Start importing Assets/Scenes/GameOver2.unity using Guid(9be8a1678d7fbf64d90d4f785878212c) Importer(815301076,1909f56bfc062723c751e8b465ee728b)  -> (artifact id: 'ecb3e968eefbea28b90b5f0efebe9bfa') in 0.040463 seconds 
  Import took 0.052216 seconds .

========================================================================
Received Import Request.
  Time since last request: 7.105297 seconds.
  path: Assets/Scenes/GameOver3.unity
  artifactKey: Guid(699f0b903b599764f8e386522b17c419) Importer(815301076,1909f56bfc062723c751e8b465ee728b)
Start importing Assets/Scenes/GameOver3.unity using Guid(699f0b903b599764f8e386522b17c419) Importer(815301076,1909f56bfc062723c751e8b465ee728b)  -> (artifact id: 'ab00bdaba16dd1a18e34a39a4697130a') in 0.027935 seconds 
  Import took 0.043097 seconds .

========================================================================
Received Import Request.
  Time since last request: 26.205054 seconds.
  path: Assets/Scenes/Menu.unity
  artifactKey: Guid(538a352ee14d32e409e37adc70c37124) Importer(815301076,1909f56bfc062723c751e8b465ee728b)
Start importing Assets/Scenes/Menu.unity using Guid(538a352ee14d32e409e37adc70c37124) Importer(815301076,1909f56bfc062723c751e8b465ee728b)  -> (artifact id: '0e0607c7c6e128bf8dbe19b700b6f7d8') in 0.040806 seconds 
  Import took 0.053096 seconds .

========================================================================
Received Import Request.
  Time since last request: 6.762452 seconds.
  path: Assets/Scenes/SelectMenu.unity
  artifactKey: Guid(fc5041a24723e114a92d1480b914c293) Importer(815301076,1909f56bfc062723c751e8b465ee728b)
Start importing Assets/Scenes/SelectMenu.unity using Guid(fc5041a24723e114a92d1480b914c293) Importer(815301076,1909f56bfc062723c751e8b465ee728b)  -> (artifact id: 'ad7517e22f1a3c408c81c7366abcd31d') in 0.011760 seconds 
  Import took 0.027109 seconds .

========================================================================
Received Import Request.
  Time since last request: 6.990128 seconds.
  path: Assets/Scenes/StoryIntro.unity
  artifactKey: Guid(91832baa5586aeb44be0fcfc9e1e61af) Importer(815301076,1909f56bfc062723c751e8b465ee728b)
Start importing Assets/Scenes/StoryIntro.unity using Guid(91832baa5586aeb44be0fcfc9e1e61af) Importer(815301076,1909f56bfc062723c751e8b465ee728b)  -> (artifact id: '89f86449b7fae639e95838be4291493d') in 0.032037 seconds 
  Import took 0.044368 seconds .

========================================================================
Received Import Request.
  Time since last request: 6.889848 seconds.
  path: Assets/Scenes/StoryLine2.unity
  artifactKey: Guid(5f0e2901fde16ab4b9416f3c86275e32) Importer(815301076,1909f56bfc062723c751e8b465ee728b)
Start importing Assets/Scenes/StoryLine2.unity using Guid(5f0e2901fde16ab4b9416f3c86275e32) Importer(815301076,1909f56bfc062723c751e8b465ee728b)  -> (artifact id: '138c9e3ddac97a03de6221324c372ff7') in 0.026553 seconds 
  Import took 0.037650 seconds .

========================================================================
Received Import Request.
  Time since last request: 4.970491 seconds.
  path: Assets/Scenes/StoryLine3.unity
  artifactKey: Guid(ad792a397173c9e4f9629d8d8547bded) Importer(815301076,1909f56bfc062723c751e8b465ee728b)
Start importing Assets/Scenes/StoryLine3.unity using Guid(ad792a397173c9e4f9629d8d8547bded) Importer(815301076,1909f56bfc062723c751e8b465ee728b)  -> (artifact id: '2bd2c7c7b1897bebedf6b49034702744') in 0.026748 seconds 
  Import took 0.035396 seconds .

========================================================================
Received Import Request.
  Time since last request: 6.420128 seconds.
  path: Assets/Scenes/StoryLine4.unity
  artifactKey: Guid(d114088c2ae48dd4bbbd660ebd981028) Importer(815301076,1909f56bfc062723c751e8b465ee728b)
Start importing Assets/Scenes/StoryLine4.unity using Guid(d114088c2ae48dd4bbbd660ebd981028) Importer(815301076,1909f56bfc062723c751e8b465ee728b)  -> (artifact id: 'c706134e2c5f3fea1de6150b03729610') in 0.028007 seconds 
  Import took 0.036802 seconds .

========================================================================
Received Prepare
Refreshing native plugins compatible for Editor in 9.56 ms, found 2 plugins.
Preloading 0 native plugins for Editor in 0.00 ms.
Unloading 10 Unused Serialized files (Serialized files now loaded: 0)
System memory in use before: 61.2 MB.
System memory in use after: 61.2 MB.

Unloading 10 unused Assets to reduce memory usage. Loaded Objects now: 2399.
Total: 12.579600 ms (FindLiveObjects: 0.322200 ms CreateObjectMapping: 0.070200 ms MarkObjects: 12.039400 ms  DeleteObjects: 0.146300 ms)

AssetImportParameters requested are different than current active one (requested -> active):
  custom:framework-win-MediaFoundation: 216162199b28c13a410421893ffa2e32 -> 
  custom:video-decoder-ogg-theora: a1e56fd34408186e4bbccfd4996cb3dc -> 
  custom:container-muxer-webm: aa71ff27fc2769a1b78a27578f13a17b -> 
  custom:container-demuxer-webm: 4f35f7cbe854078d1ac9338744f61a02 -> 
  custom:container-demuxer-ogg: 62fdf1f143b41e24485cea50d1cbac27 -> 
  custom:video-encoder-webm-vp8: eb34c28f22e8b96e1ab97ce403110664 -> 
  custom:video-decoder-webm-vp8: 9c59270c3fd7afecdb556c50c9e8de78 -> 
  custom:audio-decoder-ogg-vorbis: bf7c407c2cedff20999df2af8eb42d56 -> 
  custom:audio-encoder-webm-vorbis: bf7c407c2cedff20999df2af8eb42d56 -> 
========================================================================
Received Import Request.
  Time since last request: 415.435289 seconds.
  path: Assets/Music/Main Menu Theme(Extended) Persona 5 Scramble_ The Phantom Strikers (online-audio-converter.com)-[AudioTrimmer.com]-[AudioTrimmer.com].mp3
  artifactKey: Guid(19680ce6c75a5af41a27657ebdbed27a) Importer(815301076,1909f56bfc062723c751e8b465ee728b)
Start importing Assets/Music/Main Menu Theme(Extended) Persona 5 Scramble_ The Phantom Strikers (online-audio-converter.com)-[AudioTrimmer.com]-[AudioTrimmer.com].mp3 using Guid(19680ce6c75a5af41a27657ebdbed27a) Importer(815301076,1909f56bfc062723c751e8b465ee728b)  -> (artifact id: '465e7674ac4e4f393cec1c665eb53baf') in 0.736988 seconds 
  Import took 0.840586 seconds .

========================================================================
Received Import Request.
  Time since last request: 0.000690 seconds.
  path: Assets/Music/Y2Mate.is - Ending Credits  Bravely Default II OST-vvY2YlrIF4o-160k-1639269040174-[AudioTrimmer.com]-[AudioTrimmer.com].mp3
  artifactKey: Guid(06bdd1847ad9edd4f821dcee19c2de76) Importer(815301076,1909f56bfc062723c751e8b465ee728b)
Start importing Assets/Music/Y2Mate.is - Ending Credits  Bravely Default II OST-vvY2YlrIF4o-160k-1639269040174-[AudioTrimmer.com]-[AudioTrimmer.com].mp3 using Guid(06bdd1847ad9edd4f821dcee19c2de76) Importer(815301076,1909f56bfc062723c751e8b465ee728b)  -> (artifact id: '0bb5de9a60250ce9c6199dcf1c8f4386') in 0.044509 seconds 
  Import took 0.052249 seconds .

========================================================================
Received Import Request.
  Time since last request: 20.014600 seconds.
  path: Assets/Scenes/StoryLine4.unity
  artifactKey: Guid(d114088c2ae48dd4bbbd660ebd981028) Importer(815301076,1909f56bfc062723c751e8b465ee728b)
Start importing Assets/Scenes/StoryLine4.unity using Guid(d114088c2ae48dd4bbbd660ebd981028) Importer(815301076,1909f56bfc062723c751e8b465ee728b)  -> (artifact id: 'c22fe9c89b8c1168a4eac6ad5c8280af') in 0.014037 seconds 
  Import took 0.025670 seconds .

========================================================================
Received Import Request.
  Time since last request: 26.876091 seconds.
  path: Assets/Scenes/ControlMenu.unity
  artifactKey: Guid(0dbec6c3d3c030b4d9a44cb00ee20d44) Importer(815301076,1909f56bfc062723c751e8b465ee728b)
Start importing Assets/Scenes/ControlMenu.unity using Guid(0dbec6c3d3c030b4d9a44cb00ee20d44) Importer(815301076,1909f56bfc062723c751e8b465ee728b)  -> (artifact id: 'baba2476b3aa41295936d2fcdaee0e79') in 0.013337 seconds 
  Import took 0.024060 seconds .

========================================================================
Received Import Request.
  Time since last request: 4.604600 seconds.
  path: Assets/Scenes/StoryLine4.unity
  artifactKey: Guid(d114088c2ae48dd4bbbd660ebd981028) Importer(815301076,1909f56bfc062723c751e8b465ee728b)
Start importing Assets/Scenes/StoryLine4.unity using Guid(d114088c2ae48dd4bbbd660ebd981028) Importer(815301076,1909f56bfc062723c751e8b465ee728b)  -> (artifact id: '46d68b187e8487f3f705eca7d8de5542') in 0.010272 seconds 
  Import took 0.021371 seconds .

========================================================================
Received Prepare
Registering precompiled user dll's ...
Registered in 0.005300 seconds.
Begin MonoManager ReloadAssembly
Native extension for WindowsStandalone target not found
Native extension for WebGL target not found
Refreshing native plugins compatible for Editor in 1.72 ms, found 2 plugins.
Preloading 0 native plugins for Editor in 0.00 ms.
Mono: successfully reloaded assembly
- Completed reload, in  4.602 seconds
Domain Reload Profiling:
	ReloadAssembly (4780ms)
		BeginReloadAssembly (1692ms)
			ExecutionOrderSort (0ms)
			DisableScriptedObjects (229ms)
			BackupInstance (0ms)
			ReleaseScriptingObjects (0ms)
			CreateAndSetChildDomain (730ms)
		EndReloadAssembly (2762ms)
			LoadAssemblies (253ms)
			RebuildTransferFunctionScriptingTraits (0ms)
			SetupTypeCache (522ms)
			ReleaseScriptCaches (3ms)
			RebuildScriptCaches (128ms)
			SetupLoadedEditorAssemblies (1549ms)
				LogAssemblyErrors (0ms)
				InitializePlatformSupportModulesInManaged (12ms)
				SetLoadedEditorAssemblies (1ms)
				RefreshPlugins (2ms)
				BeforeProcessingInitializeOnLoad (108ms)
				ProcessInitializeOnLoadAttributes (1403ms)
				ProcessInitializeOnLoadMethodAttributes (8ms)
				AfterProcessingInitializeOnLoad (15ms)
				EditorAssembliesLoaded (0ms)
			ExecutionOrderSort2 (0ms)
			AwakeInstancesAfterBackupRestoration (52ms)
Platform modules already initialized, skipping
Refreshing native plugins compatible for Editor in 0.84 ms, found 2 plugins.
Preloading 0 native plugins for Editor in 0.00 ms.
Unloading 1863 Unused Serialized files (Serialized files now loaded: 0)
System memory in use before: 97.8 MB.
System memory in use after: 97.9 MB.

Unloading 12 unused Assets to reduce memory usage. Loaded Objects now: 2402.
Total: 10.025600 ms (FindLiveObjects: 0.507400 ms CreateObjectMapping: 0.111700 ms MarkObjects: 8.408800 ms  DeleteObjects: 0.991000 ms)

AssetImportParameters requested are different than current active one (requested -> active):
  custom:framework-win-MediaFoundation: 216162199b28c13a410421893ffa2e32 -> 
  custom:video-decoder-ogg-theora: a1e56fd34408186e4bbccfd4996cb3dc -> 
  custom:container-muxer-webm: aa71ff27fc2769a1b78a27578f13a17b -> 
  custom:container-demuxer-webm: 4f35f7cbe854078d1ac9338744f61a02 -> 
  custom:container-demuxer-ogg: 62fdf1f143b41e24485cea50d1cbac27 -> 
  custom:video-encoder-webm-vp8: eb34c28f22e8b96e1ab97ce403110664 -> 
  custom:video-decoder-webm-vp8: 9c59270c3fd7afecdb556c50c9e8de78 -> 
  custom:audio-decoder-ogg-vorbis: bf7c407c2cedff20999df2af8eb42d56 -> 
  custom:audio-encoder-webm-vorbis: bf7c407c2cedff20999df2af8eb42d56 -> 
========================================================================
Received Prepare
Refreshing native plugins compatible for Editor in 9.41 ms, found 2 plugins.
Preloading 0 native plugins for Editor in 0.00 ms.
Unloading 10 Unused Serialized files (Serialized files now loaded: 0)
System memory in use before: 61.2 MB.
System memory in use after: 61.3 MB.

Unloading 10 unused Assets to reduce memory usage. Loaded Objects now: 2402.
Total: 8.149600 ms (FindLiveObjects: 0.396700 ms CreateObjectMapping: 0.110600 ms MarkObjects: 7.473600 ms  DeleteObjects: 0.166800 ms)

AssetImportParameters requested are different than current active one (requested -> active):
  custom:framework-win-MediaFoundation: 216162199b28c13a410421893ffa2e32 -> 
  custom:video-decoder-ogg-theora: a1e56fd34408186e4bbccfd4996cb3dc -> 
  custom:container-muxer-webm: aa71ff27fc2769a1b78a27578f13a17b -> 
  custom:container-demuxer-webm: 4f35f7cbe854078d1ac9338744f61a02 -> 
  custom:container-demuxer-ogg: 62fdf1f143b41e24485cea50d1cbac27 -> 
  custom:video-encoder-webm-vp8: eb34c28f22e8b96e1ab97ce403110664 -> 
  custom:video-decoder-webm-vp8: 9c59270c3fd7afecdb556c50c9e8de78 -> 
  custom:audio-decoder-ogg-vorbis: bf7c407c2cedff20999df2af8eb42d56 -> 
  custom:audio-encoder-webm-vorbis: bf7c407c2cedff20999df2af8eb42d56 -> 
AssetImportWorkerClient::OnTransportError - code=2 error=End of file
